<?xml version="1.0" encoding="UTF-8"?>
<!-- Generated by org.testng.reporters.JUnitXMLReporter -->
<testsuite hostname="DLDA0173" name="Default test" tests="21" failures="0" timestamp="11 Jul 2018 06:45:51 GMT" time="13.465" errors="0">
  <testcase name="basic_Auth_Button_Should_Open_Authentication_Prompt" time="0.01" classname="availableexamplestest.AvailableExamplesTest"/>
  <testcase name="enter_Credentials_In_Authentication_Prompt_Should_Open_Basic_Authentication_Page" time="0.698" classname="availableexamplestest.AvailableExamplesTest"/>
  <testcase name="broken_Images_Button_Should_Open_Broken_Images_Page" time="0.364" classname="availableexamplestest.AvailableExamplesTest"/>
  <testcase name="report_Source_URL_Of_Images_Not_Loaded_Properly" time="0.178" classname="availableexamplestest.AvailableExamplesTest"/>
  <testcase name="exit_Intent_Button_Should_Open_Exit_Intent_Page" time="0.171" classname="availableexamplestest.AvailableExamplesTest"/>
  <testcase name="mouse_Outside_Page_Should_Display_Modal" time="0.019" classname="availableexamplestest.AvailableExamplesTest"/>
  <testcase name="modal_Should_Disappear_On_Defocussing" time="0.151" classname="availableexamplestest.AvailableExamplesTest"/>
  <testcase name="sortable_Data_Tables_Button_Should_Open_Data_Tables_Page" time="0.21" classname="availableexamplestest.AvailableExamplesTest"/>
  <testcase name="due_Column_Click__Should_Arrange_Due_In_Descending_Order" time="0.199" classname="availableexamplestest.AvailableExamplesTest"/>
  <testcase name="form_Authentication_Button_Should_Open_Form_Authentication_Page" time="0.207" classname="availableexamplestest.AvailableExamplesTest"/>
  <testcase name="form_Authentication_With_Invalid_Credentials_Should_Display_Error" time="0.195" classname="availableexamplestest.AvailableExamplesTest"/>
  <testcase name="form_Authentication_With_Valid_Credentials_Should_Log_Into_Secure_Area" time="0.2" classname="availableexamplestest.AvailableExamplesTest"/>
  <testcase name="logout_Button_Should_Log_Out_Of_Secure_Area" time="0.296" classname="availableexamplestest.AvailableExamplesTest"/>
  <testcase name="hovers_Button_Should_Open_Hovers_Page" time="0.159" classname="availableexamplestest.AvailableExamplesTest"/>
  <testcase name="verify_Username_And_Profile_On_Hovering_Over_First_Image" time="0.141" classname="availableexamplestest.AvailableExamplesTest"/>
  <testcase name="hovering_Out_Of_First_Image_Makes_Username_And_Profile_Disappear" time="0.141" classname="availableexamplestest.AvailableExamplesTest"/>
  <testcase name="editor_Button_Should_Open_Editor_Page" time="0.673" classname="availableexamplestest.AvailableExamplesTest"/>
  <testcase name="clear_And_Enter_Text_In_Editor_Should_Is_Able_To_Edit" time="0.509" classname="availableexamplestest.AvailableExamplesTest"/>
  <testcase name="status_Codes_Button_Should_Open_Status_Codes_Page" time="0.149" classname="availableexamplestest.AvailableExamplesTest"/>
  <testcase name="status_Codes_404_Button_Should_Display_404_Message" time="0.142" classname="availableexamplestest.AvailableExamplesTest"/>
  <testcase name="status_Code_Should_Be_404_For_The_Page" time="1.516" classname="availableexamplestest.AvailableExamplesTest"/>
</testsuite> <!-- Default test -->
