<?xml version="1.0" encoding="UTF-8"?>
<testng-results skipped="0" failed="0" total="21" passed="21">
  <reporter-output>
  </reporter-output>
  <suite name="Default suite" duration-ms="13465" started-at="2018-07-11T06:45:37Z" finished-at="2018-07-11T06:45:51Z">
    <groups>
    </groups>
    <test name="Default test" duration-ms="13465" started-at="2018-07-11T06:45:37Z" finished-at="2018-07-11T06:45:51Z">
      <class name="availableexamplestest.AvailableExamplesTest">
        <test-method status="PASS" signature="launchBrowser()[pri:0, instance:availableexamplestest.AvailableExamplesTest@23a2f9]" name="launchBrowser" is-config="true" duration-ms="6393" started-at="2018-07-11T12:15:37Z" finished-at="2018-07-11T12:15:44Z">
          <reporter-output>
          </reporter-output>
        </test-method> <!-- launchBrowser -->
        <test-method status="PASS" signature="basic_Auth_Button_Should_Open_Authentication_Prompt()[pri:0, instance:availableexamplestest.AvailableExamplesTest@23a2f9]" name="basic_Auth_Button_Should_Open_Authentication_Prompt" duration-ms="10" started-at="2018-07-11T12:15:44Z" finished-at="2018-07-11T12:15:44Z">
          <reporter-output>
          </reporter-output>
        </test-method> <!-- basic_Auth_Button_Should_Open_Authentication_Prompt -->
        <test-method status="PASS" signature="enter_Credentials_In_Authentication_Prompt_Should_Open_Basic_Authentication_Page()[pri:0, instance:availableexamplestest.AvailableExamplesTest@23a2f9]" name="enter_Credentials_In_Authentication_Prompt_Should_Open_Basic_Authentication_Page" duration-ms="698" started-at="2018-07-11T12:15:44Z" finished-at="2018-07-11T12:15:44Z">
          <reporter-output>
          </reporter-output>
        </test-method> <!-- enter_Credentials_In_Authentication_Prompt_Should_Open_Basic_Authentication_Page -->
        <test-method status="PASS" signature="broken_Images_Button_Should_Open_Broken_Images_Page()[pri:0, instance:availableexamplestest.AvailableExamplesTest@23a2f9]" name="broken_Images_Button_Should_Open_Broken_Images_Page" duration-ms="364" started-at="2018-07-11T12:15:44Z" finished-at="2018-07-11T12:15:45Z">
          <reporter-output>
          </reporter-output>
        </test-method> <!-- broken_Images_Button_Should_Open_Broken_Images_Page -->
        <test-method status="PASS" signature="report_Source_URL_Of_Images_Not_Loaded_Properly()[pri:0, instance:availableexamplestest.AvailableExamplesTest@23a2f9]" name="report_Source_URL_Of_Images_Not_Loaded_Properly" duration-ms="178" started-at="2018-07-11T12:15:45Z" finished-at="2018-07-11T12:15:45Z">
          <reporter-output>
          </reporter-output>
        </test-method> <!-- report_Source_URL_Of_Images_Not_Loaded_Properly -->
        <test-method status="PASS" signature="exit_Intent_Button_Should_Open_Exit_Intent_Page()[pri:0, instance:availableexamplestest.AvailableExamplesTest@23a2f9]" name="exit_Intent_Button_Should_Open_Exit_Intent_Page" duration-ms="171" started-at="2018-07-11T12:15:45Z" finished-at="2018-07-11T12:15:45Z">
          <reporter-output>
          </reporter-output>
        </test-method> <!-- exit_Intent_Button_Should_Open_Exit_Intent_Page -->
        <test-method status="PASS" signature="mouse_Outside_Page_Should_Display_Modal()[pri:0, instance:availableexamplestest.AvailableExamplesTest@23a2f9]" name="mouse_Outside_Page_Should_Display_Modal" duration-ms="19" started-at="2018-07-11T12:15:45Z" finished-at="2018-07-11T12:15:45Z">
          <reporter-output>
          </reporter-output>
        </test-method> <!-- mouse_Outside_Page_Should_Display_Modal -->
        <test-method status="PASS" signature="modal_Should_Disappear_On_Defocussing()[pri:0, instance:availableexamplestest.AvailableExamplesTest@23a2f9]" name="modal_Should_Disappear_On_Defocussing" duration-ms="151" started-at="2018-07-11T12:15:45Z" finished-at="2018-07-11T12:15:45Z">
          <reporter-output>
          </reporter-output>
        </test-method> <!-- modal_Should_Disappear_On_Defocussing -->
        <test-method status="PASS" signature="sortable_Data_Tables_Button_Should_Open_Data_Tables_Page()[pri:0, instance:availableexamplestest.AvailableExamplesTest@23a2f9]" name="sortable_Data_Tables_Button_Should_Open_Data_Tables_Page" duration-ms="210" started-at="2018-07-11T12:15:45Z" finished-at="2018-07-11T12:15:46Z">
          <reporter-output>
          </reporter-output>
        </test-method> <!-- sortable_Data_Tables_Button_Should_Open_Data_Tables_Page -->
        <test-method status="PASS" signature="due_Column_Click__Should_Arrange_Due_In_Descending_Order()[pri:0, instance:availableexamplestest.AvailableExamplesTest@23a2f9]" name="due_Column_Click__Should_Arrange_Due_In_Descending_Order" duration-ms="199" started-at="2018-07-11T12:15:46Z" finished-at="2018-07-11T12:15:46Z">
          <reporter-output>
          </reporter-output>
        </test-method> <!-- due_Column_Click__Should_Arrange_Due_In_Descending_Order -->
        <test-method status="PASS" signature="form_Authentication_Button_Should_Open_Form_Authentication_Page()[pri:0, instance:availableexamplestest.AvailableExamplesTest@23a2f9]" name="form_Authentication_Button_Should_Open_Form_Authentication_Page" duration-ms="207" started-at="2018-07-11T12:15:46Z" finished-at="2018-07-11T12:15:46Z">
          <reporter-output>
          </reporter-output>
        </test-method> <!-- form_Authentication_Button_Should_Open_Form_Authentication_Page -->
        <test-method status="PASS" signature="form_Authentication_With_Invalid_Credentials_Should_Display_Error()[pri:0, instance:availableexamplestest.AvailableExamplesTest@23a2f9]" name="form_Authentication_With_Invalid_Credentials_Should_Display_Error" duration-ms="195" started-at="2018-07-11T12:15:46Z" finished-at="2018-07-11T12:15:46Z">
          <reporter-output>
          </reporter-output>
        </test-method> <!-- form_Authentication_With_Invalid_Credentials_Should_Display_Error -->
        <test-method status="PASS" signature="form_Authentication_With_Valid_Credentials_Should_Log_Into_Secure_Area()[pri:0, instance:availableexamplestest.AvailableExamplesTest@23a2f9]" name="form_Authentication_With_Valid_Credentials_Should_Log_Into_Secure_Area" duration-ms="200" started-at="2018-07-11T12:15:46Z" finished-at="2018-07-11T12:15:46Z">
          <reporter-output>
          </reporter-output>
        </test-method> <!-- form_Authentication_With_Valid_Credentials_Should_Log_Into_Secure_Area -->
        <test-method status="PASS" signature="logout_Button_Should_Log_Out_Of_Secure_Area()[pri:0, instance:availableexamplestest.AvailableExamplesTest@23a2f9]" name="logout_Button_Should_Log_Out_Of_Secure_Area" duration-ms="296" started-at="2018-07-11T12:15:46Z" finished-at="2018-07-11T12:15:47Z">
          <reporter-output>
          </reporter-output>
        </test-method> <!-- logout_Button_Should_Log_Out_Of_Secure_Area -->
        <test-method status="PASS" signature="hovers_Button_Should_Open_Hovers_Page()[pri:0, instance:availableexamplestest.AvailableExamplesTest@23a2f9]" name="hovers_Button_Should_Open_Hovers_Page" duration-ms="159" started-at="2018-07-11T12:15:47Z" finished-at="2018-07-11T12:15:47Z">
          <reporter-output>
          </reporter-output>
        </test-method> <!-- hovers_Button_Should_Open_Hovers_Page -->
        <test-method status="PASS" signature="verify_Username_And_Profile_On_Hovering_Over_First_Image()[pri:0, instance:availableexamplestest.AvailableExamplesTest@23a2f9]" name="verify_Username_And_Profile_On_Hovering_Over_First_Image" duration-ms="141" started-at="2018-07-11T12:15:47Z" finished-at="2018-07-11T12:15:47Z">
          <reporter-output>
          </reporter-output>
        </test-method> <!-- verify_Username_And_Profile_On_Hovering_Over_First_Image -->
        <test-method status="PASS" signature="hovering_Out_Of_First_Image_Makes_Username_And_Profile_Disappear()[pri:0, instance:availableexamplestest.AvailableExamplesTest@23a2f9]" name="hovering_Out_Of_First_Image_Makes_Username_And_Profile_Disappear" duration-ms="141" started-at="2018-07-11T12:15:47Z" finished-at="2018-07-11T12:15:47Z">
          <reporter-output>
          </reporter-output>
        </test-method> <!-- hovering_Out_Of_First_Image_Makes_Username_And_Profile_Disappear -->
        <test-method status="PASS" signature="editor_Button_Should_Open_Editor_Page()[pri:0, instance:availableexamplestest.AvailableExamplesTest@23a2f9]" name="editor_Button_Should_Open_Editor_Page" duration-ms="673" started-at="2018-07-11T12:15:47Z" finished-at="2018-07-11T12:15:48Z">
          <reporter-output>
          </reporter-output>
        </test-method> <!-- editor_Button_Should_Open_Editor_Page -->
        <test-method status="PASS" signature="clear_And_Enter_Text_In_Editor_Should_Is_Able_To_Edit()[pri:0, instance:availableexamplestest.AvailableExamplesTest@23a2f9]" name="clear_And_Enter_Text_In_Editor_Should_Is_Able_To_Edit" duration-ms="509" started-at="2018-07-11T12:15:48Z" finished-at="2018-07-11T12:15:48Z">
          <reporter-output>
          </reporter-output>
        </test-method> <!-- clear_And_Enter_Text_In_Editor_Should_Is_Able_To_Edit -->
        <test-method status="PASS" signature="status_Codes_Button_Should_Open_Status_Codes_Page()[pri:0, instance:availableexamplestest.AvailableExamplesTest@23a2f9]" name="status_Codes_Button_Should_Open_Status_Codes_Page" duration-ms="149" started-at="2018-07-11T12:15:48Z" finished-at="2018-07-11T12:15:48Z">
          <reporter-output>
          </reporter-output>
        </test-method> <!-- status_Codes_Button_Should_Open_Status_Codes_Page -->
        <test-method status="PASS" signature="status_Codes_404_Button_Should_Display_404_Message()[pri:0, instance:availableexamplestest.AvailableExamplesTest@23a2f9]" name="status_Codes_404_Button_Should_Display_404_Message" duration-ms="142" started-at="2018-07-11T12:15:48Z" finished-at="2018-07-11T12:15:49Z">
          <reporter-output>
          </reporter-output>
        </test-method> <!-- status_Codes_404_Button_Should_Display_404_Message -->
        <test-method status="PASS" signature="status_Code_Should_Be_404_For_The_Page()[pri:0, instance:availableexamplestest.AvailableExamplesTest@23a2f9]" name="status_Code_Should_Be_404_For_The_Page" duration-ms="1516" started-at="2018-07-11T12:15:49Z" finished-at="2018-07-11T12:15:50Z">
          <reporter-output>
          </reporter-output>
        </test-method> <!-- status_Code_Should_Be_404_For_The_Page -->
        <test-method status="PASS" signature="closeBrowser()[pri:0, instance:availableexamplestest.AvailableExamplesTest@23a2f9]" name="closeBrowser" is-config="true" duration-ms="692" started-at="2018-07-11T12:15:50Z" finished-at="2018-07-11T12:15:51Z">
          <reporter-output>
          </reporter-output>
        </test-method> <!-- closeBrowser -->
      </class> <!-- availableexamplestest.AvailableExamplesTest -->
    </test> <!-- Default test -->
  </suite> <!-- Default suite -->
</testng-results>
